c:\users\jmarlin\documents\visual studio 2015\projects\patch\patch\debug\patch.pch
c:\users\jmarlin\documents\visual studio 2015\projects\patch\patch\debug\vc140.pdb
c:\users\jmarlin\documents\visual studio 2015\projects\patch\patch\debug\vc140.idb
c:\users\jmarlin\documents\visual studio 2015\projects\patch\patch\debug\stdafx.obj
c:\users\jmarlin\documents\visual studio 2015\projects\patch\patch\debug\pitchknob.obj
c:\users\jmarlin\documents\visual studio 2015\projects\patch\patch\debug\scope.obj
c:\users\jmarlin\documents\visual studio 2015\projects\patch\patch\debug\sequence.obj
c:\users\jmarlin\documents\visual studio 2015\projects\patch\patch\debug\sine.obj
c:\users\jmarlin\documents\visual studio 2015\projects\patch\patch\debug\split.obj
c:\users\jmarlin\documents\visual studio 2015\projects\patch\patch\debug\square.obj
c:\users\jmarlin\documents\visual studio 2015\projects\patch\patch\debug\vca.obj
c:\users\jmarlin\documents\visual studio 2015\projects\patch\patch\debug\patchdesktop.obj
c:\users\jmarlin\documents\visual studio 2015\projects\patch\patch\debug\sessionmenu.obj
c:\users\jmarlin\documents\visual studio 2015\projects\patch\patch\debug\associativearray.obj
c:\users\jmarlin\documents\visual studio 2015\projects\patch\patch\debug\button.obj
c:\users\jmarlin\documents\visual studio 2015\projects\patch\patch\debug\context.obj
c:\users\jmarlin\documents\visual studio 2015\projects\patch\patch\debug\desktop.obj
c:\users\jmarlin\documents\visual studio 2015\projects\patch\patch\debug\list.obj
c:\users\jmarlin\documents\visual studio 2015\projects\patch\patch\debug\listnode.obj
c:\users\jmarlin\documents\visual studio 2015\projects\patch\patch\debug\object.obj
c:\users\jmarlin\documents\visual studio 2015\projects\patch\patch\debug\rect.obj
c:\users\jmarlin\documents\visual studio 2015\projects\patch\patch\debug\styleutils.obj
c:\users\jmarlin\documents\visual studio 2015\projects\patch\patch\debug\textbox.obj
c:\users\jmarlin\documents\visual studio 2015\projects\patch\patch\debug\window.obj
c:\users\jmarlin\documents\visual studio 2015\projects\patch\patch\debug\io.obj
c:\users\jmarlin\documents\visual studio 2015\projects\patch\patch\debug\module.obj
c:\users\jmarlin\documents\visual studio 2015\projects\patch\patch\debug\patchcore.obj
c:\users\jmarlin\documents\visual studio 2015\projects\patch\patch\debug\unit.obj
c:\users\jmarlin\documents\visual studio 2015\projects\patch\patch\debug\audiohandler.obj
c:\users\jmarlin\documents\visual studio 2015\projects\patch\patch\debug\platformwrapper_windows.obj
c:\users\jmarlin\documents\visual studio 2015\projects\patch\patch\debug\serialify.obj
c:\users\jmarlin\documents\visual studio 2015\projects\patch\patch\debug\frame.obj
c:\users\jmarlin\documents\visual studio 2015\projects\patch\patch\debug\menu.obj
c:\users\jmarlin\documents\visual studio 2015\projects\patch\patch\debug\menuentry.obj
c:\users\jmarlin\documents\visual studio 2015\projects\patch\patch\debug\slider.obj
c:\users\jmarlin\documents\visual studio 2015\projects\patch\patch\debug\adsr.obj
c:\users\jmarlin\documents\visual studio 2015\projects\patch\patch\debug\capture.obj
c:\users\jmarlin\documents\visual studio 2015\projects\patch\patch\debug\masterout.obj
c:\users\jmarlin\documents\visual studio 2015\projects\patch\patch\debug\masteroutthru.obj
c:\users\jmarlin\documents\visual studio 2015\projects\patch\patch\debug\noise.obj
c:\users\jmarlin\documents\visual studio 2015\projects\patch\patch\debug\patch.tlog\cl.command.1.tlog
c:\users\jmarlin\documents\visual studio 2015\projects\patch\patch\debug\patch.tlog\cl.read.1.tlog
c:\users\jmarlin\documents\visual studio 2015\projects\patch\patch\debug\patch.tlog\cl.write.1.tlog
